23:45:41.549 INFO [GridLauncherV3.parse] - Selenium server version: 3.141.59, revision: e82be7d358
23:45:41.618 INFO [GridLauncherV3.lambda$buildLaunchers$3] - Launching a standalone Selenium Server on port 4444
2020-06-01 23:45:41.657:INFO::main: Logging initialized @286ms to org.seleniumhq.jetty9.util.log.StdErrLog
23:45:41.852 INFO [WebDriverServlet.<init>] - Initialising WebDriverServlet
23:45:41.934 INFO [SeleniumServer.boot] - Selenium Server is up and running on port 4444
23:45:42.817 INFO [ActiveSessionFactory.apply] - Capabilities are: {
  "acceptSslCerts": true,
  "browserName": "chrome",
  "chromeOptions": {
    "args": [
      "--no-sandbox"
    ],
    "w3c": false
  },
  "javascriptEnabled": true,
  "name": "Test"
}
23:45:42.819 INFO [ActiveSessionFactory.lambda$apply$11] - Matched factory org.openqa.selenium.grid.session.remote.ServicedSession$Factory (provider: org.openqa.selenium.chrome.ChromeDriverService)
Starting ChromeDriver 83.0.4103.39 (ccbf011cb2d2b19b506d844400483861342c20cd-refs/branch-heads/4103@{#416}) on port 6296
Only local connections are allowed.
Please see https://chromedriver.chromium.org/security-considerations for suggestions on keeping ChromeDriver safe.
ChromeDriver was started successfully.
23:45:43.664 INFO [ProtocolHandshake.createSession] - Detected dialect: OSS
23:45:44.461 INFO [RemoteSession$Factory.lambda$performHandshake$0] - Started new session 06d2d7f1388e2a5007168135cb2572a4 (org.openqa.selenium.chrome.ChromeDriverService)
23:45:49.077 INFO [ActiveSessions$1.onStop] - Removing session 06d2d7f1388e2a5007168135cb2572a4 (org.openqa.selenium.chrome.ChromeDriverService)
